# JRE version: OpenJDK Runtime Environment Temurin-17.0.3+7 (17.0.3+7) (build 17.0.3+7)
# Java VM: OpenJDK 64-Bit Server VM Temurin-17.0.3+7 (17.0.3+7, mixed mode, tiered, compressed oops, compressed class ptrs, g1 gc, windows-amd64)
GC Precious Log:
 CPUs: 4 total, 4 available
 Memory: 4011M
 Large Page Support: Disabled
 NUMA Support: Disabled
 Compressed Oops: Enabled (32-bit)
 Heap Region Size: 1M
 Heap Min Capacity: 8M
 Heap Initial Capacity: 64M
 Heap Max Capacity: 1004M
 Pre-touch: Disabled
 Parallel Workers: 4
 Concurrent Workers: 1
 Concurrent Refinement Workers: 4
 Periodic GC: Disabled
Heap:
 garbage-first heap   total 262144K, used 27676K [0x00000000c1400000, 0x0000000100000000)
  region size 1024K, 11 young (11264K), 1 survivors (1024K)
 Metaspace       used 48314K, committed 48768K, reserved 1097728K
  class space    used 5799K, committed 6016K, reserved 1048576K
GC Heap History (20 events):
Event: 15346.430 GC heap before
{Heap before GC invocations=33 (full 0):
 garbage-first heap   total 57344K, used 31635K [0x00000000c1400000, 0x0000000100000000)
  region size 1024K, 14 young (14336K), 1 survivors (1024K)
 Metaspace       used 47584K, committed 48000K, reserved 1097728K
  class space    used 5796K, committed 6016K, reserved 1048576K
}
Event: 15346.630 GC heap after
{Heap after GC invocations=34 (full 0):
 garbage-first heap   total 57344K, used 18328K [0x00000000c1400000, 0x0000000100000000)
  region size 1024K, 1 young (1024K), 1 survivors (1024K)
 Metaspace       used 47584K, committed 48000K, reserved 1097728K
  class space    used 5796K, committed 6016K, reserved 1048576K
}
Event: 15367.348 GC heap before
{Heap before GC invocations=34 (full 0):
 garbage-first heap   total 57344K, used 48024K [0x00000000c1400000, 0x0000000100000000)
  region size 1024K, 30 young (30720K), 1 survivors (1024K)
 Metaspace       used 47664K, committed 48064K, reserved 1097728K
  class space    used 5796K, committed 6016K, reserved 1048576K
}
Event: 15367.706 GC heap after
{Heap after GC invocations=35 (full 0):
 garbage-first heap   total 57344K, used 18317K [0x00000000c1400000, 0x0000000100000000)
  region size 1024K, 1 young (1024K), 1 survivors (1024K)
 Metaspace       used 47664K, committed 48064K, reserved 1097728K
  class space    used 5796K, committed 6016K, reserved 1048576K
}
Event: 15372.519 GC heap before
{Heap before GC invocations=35 (full 0):
 garbage-first heap   total 57344K, used 49037K [0x00000000c1400000, 0x0000000100000000)
  region size 1024K, 31 young (31744K), 1 survivors (1024K)
 Metaspace       used 47702K, committed 48128K, reserved 1097728K
  class space    used 5796K, committed 6016K, reserved 1048576K
}
Event: 15373.128 GC heap after
{Heap after GC invocations=36 (full 0):
 garbage-first heap   total 114688K, used 18355K [0x00000000c1400000, 0x0000000100000000)
  region size 1024K, 1 young (1024K), 1 survivors (1024K)
 Metaspace       used 47702K, committed 48128K, reserved 1097728K
  class space    used 5796K, committed 6016K, reserved 1048576K
}
Event: 15373.352 GC heap before
{Heap before GC invocations=36 (full 0):
 garbage-first heap   total 114688K, used 22451K [0x00000000c1400000, 0x0000000100000000)
  region size 1024K, 5 young (5120K), 1 survivors (1024K)
 Metaspace       used 47706K, committed 48128K, reserved 1097728K
  class space    used 5796K, committed 6016K, reserved 1048576K
}
Event: 15373.485 GC heap after
{Heap after GC invocations=37 (full 0):
 garbage-first heap   total 114688K, used 18350K [0x00000000c1400000, 0x0000000100000000)
  region size 1024K, 1 young (1024K), 1 survivors (1024K)
 Metaspace       used 47706K, committed 48128K, reserved 1097728K
  class space    used 5796K, committed 6016K, reserved 1048576K
}
Event: 15373.870 GC heap before
{Heap before GC invocations=37 (full 0):
 garbage-first heap   total 114688K, used 22446K [0x00000000c1400000, 0x0000000100000000)
  region size 1024K, 5 young (5120K), 1 survivors (1024K)
 Metaspace       used 47706K, committed 48128K, reserved 1097728K
  class space    used 5796K, committed 6016K, reserved 1048576K
}
Event: 15373.994 GC heap after
{Heap after GC invocations=38 (full 0):
 garbage-first heap   total 114688K, used 18345K [0x00000000c1400000, 0x0000000100000000)
  region size 1024K, 1 young (1024K), 1 survivors (1024K)
 Metaspace       used 47706K, committed 48128K, reserved 1097728K
  class space    used 5796K, committed 6016K, reserved 1048576K
}
Event: 15389.124 GC heap before
{Heap before GC invocations=38 (full 0):
 garbage-first heap   total 114688K, used 85929K [0x00000000c1400000, 0x0000000100000000)
  region size 1024K, 67 young (68608K), 1 survivors (1024K)
 Metaspace       used 47911K, committed 48320K, reserved 1097728K
  class space    used 5797K, committed 6016K, reserved 1048576K
}
Event: 15389.299 GC heap after
{Heap after GC invocations=39 (full 0):
 garbage-first heap   total 114688K, used 18405K [0x00000000c1400000, 0x0000000100000000)
  region size 1024K, 1 young (1024K), 1 survivors (1024K)
 Metaspace       used 47911K, committed 48320K, reserved 1097728K
  class space    used 5797K, committed 6016K, reserved 1048576K
}
Event: 15394.796 GC heap before
{Heap before GC invocations=39 (full 0):
 garbage-first heap   total 114688K, used 85989K [0x00000000c1400000, 0x0000000100000000)
  region size 1024K, 67 young (68608K), 1 survivors (1024K)
 Metaspace       used 47998K, committed 48448K, reserved 1097728K
  class space    used 5797K, committed 6016K, reserved 1048576K
}
Event: 15394.990 GC heap after
{Heap after GC invocations=40 (full 0):
 garbage-first heap   total 114688K, used 18387K [0x00000000c1400000, 0x0000000100000000)
  region size 1024K, 1 young (1024K), 1 survivors (1024K)
 Metaspace       used 47998K, committed 48448K, reserved 1097728K
  class space    used 5797K, committed 6016K, reserved 1048576K
}
Event: 15411.432 GC heap before
{Heap before GC invocations=40 (full 0):
 garbage-first heap   total 114688K, used 85971K [0x00000000c1400000, 0x0000000100000000)
  region size 1024K, 67 young (68608K), 1 survivors (1024K)
 Metaspace       used 48155K, committed 48576K, reserved 1097728K
  class space    used 5797K, committed 6016K, reserved 1048576K
}
Event: 15412.505 GC heap after
{Heap after GC invocations=41 (full 0):
 garbage-first heap   total 262144K, used 18415K [0x00000000c1400000, 0x0000000100000000)
  region size 1024K, 1 young (1024K), 1 survivors (1024K)
 Metaspace       used 48155K, committed 48576K, reserved 1097728K
  class space    used 5797K, committed 6016K, reserved 1048576K
}
Event: 15491.740 GC heap before
{Heap before GC invocations=41 (full 0):
 garbage-first heap   total 262144K, used 174063K [0x00000000c1400000, 0x0000000100000000)
  region size 1024K, 153 young (156672K), 1 survivors (1024K)
 Metaspace       used 48300K, committed 48704K, reserved 1097728K
  class space    used 5797K, committed 6016K, reserved 1048576K
}
Event: 15498.635 GC heap after
{Heap after GC invocations=42 (full 0):
 garbage-first heap   total 262144K, used 18454K [0x00000000c1400000, 0x0000000100000000)
  region size 1024K, 1 young (1024K), 1 survivors (1024K)
 Metaspace       used 48300K, committed 48704K, reserved 1097728K
  class space    used 5797K, committed 6016K, reserved 1048576K
}
Event: 15506.464 GC heap before
{Heap before GC invocations=42 (full 0):
 garbage-first heap   total 262144K, used 29718K [0x00000000c1400000, 0x0000000100000000)
  region size 1024K, 12 young (12288K), 1 survivors (1024K)
 Metaspace       used 48302K, committed 48768K, reserved 1097728K
  class space    used 5797K, committed 6016K, reserved 1048576K
}
Event: 15507.033 GC heap after
{Heap after GC invocations=43 (full 0):
 garbage-first heap   total 262144K, used 18472K [0x00000000c1400000, 0x0000000100000000)
  region size 1024K, 1 young (1024K), 1 survivors (1024K)
 Metaspace       used 48302K, committed 48768K, reserved 1097728K
  class space    used 5797K, committed 6016K, reserved 1048576K
}

